[0127/113129.512:ERROR:directory_reader_win.cc(43)] FindFirstFile: 지정된 경로를 찾을 수 없습니다. (0x3)
[0127/145124.421:ERROR:directory_reader_win.cc(43)] FindFirstFile: 지정된 경로를 찾을 수 없습니다. (0x3)
[0127/150546.707:ERROR:directory_reader_win.cc(43)] FindFirstFile: 지정된 경로를 찾을 수 없습니다. (0x3)
[0127/153240.488:ERROR:directory_reader_win.cc(43)] FindFirstFile: 지정된 경로를 찾을 수 없습니다. (0x3)
[0127/212613.614:ERROR:directory_reader_win.cc(43)] FindFirstFile: 지정된 경로를 찾을 수 없습니다. (0x3)
[0127/215453.532:ERROR:directory_reader_win.cc(43)] FindFirstFile: 지정된 경로를 찾을 수 없습니다. (0x3)
[0127/231222.873:ERROR:directory_reader_win.cc(43)] FindFirstFile: 지정된 경로를 찾을 수 없습니다. (0x3)
[0127/233224.414:ERROR:directory_reader_win.cc(43)] FindFirstFile: 지정된 경로를 찾을 수 없습니다. (0x3)
[0128/000419.232:ERROR:directory_reader_win.cc(43)] FindFirstFile: 지정된 경로를 찾을 수 없습니다. (0x3)
[0128/001508.843:ERROR:directory_reader_win.cc(43)] FindFirstFile: 지정된 경로를 찾을 수 없습니다. (0x3)
[0128/005656.100:ERROR:directory_reader_win.cc(43)] FindFirstFile: 지정된 경로를 찾을 수 없습니다. (0x3)
[0128/011456.109:ERROR:directory_reader_win.cc(43)] FindFirstFile: 지정된 경로를 찾을 수 없습니다. (0x3)
[0128/012640.290:ERROR:directory_reader_win.cc(43)] FindFirstFile: 지정된 경로를 찾을 수 없습니다. (0x3)
[0128/193802.169:ERROR:directory_reader_win.cc(43)] FindFirstFile: 지정된 경로를 찾을 수 없습니다. (0x3)
[0128/211652.444:ERROR:directory_reader_win.cc(43)] FindFirstFile: 지정된 경로를 찾을 수 없습니다. (0x3)
[0128/215649.106:ERROR:directory_reader_win.cc(43)] FindFirstFile: 지정된 경로를 찾을 수 없습니다. (0x3)
[0128/222635.099:ERROR:directory_reader_win.cc(43)] FindFirstFile: 지정된 경로를 찾을 수 없습니다. (0x3)
[0128/225344.435:ERROR:directory_reader_win.cc(43)] FindFirstFile: 지정된 경로를 찾을 수 없습니다. (0x3)
[0128/234053.904:ERROR:directory_reader_win.cc(43)] FindFirstFile: 지정된 경로를 찾을 수 없습니다. (0x3)
[0129/000821.671:ERROR:directory_reader_win.cc(43)] FindFirstFile: 지정된 경로를 찾을 수 없습니다. (0x3)
[0129/000913.824:ERROR:directory_reader_win.cc(43)] FindFirstFile: 지정된 경로를 찾을 수 없습니다. (0x3)
[0129/005559.602:ERROR:process_memory_win.cc(73)] ReadMemory at 0x2dc94e6a750 of 72 bytes failed: ReadProcessMemory 또는 WriteProcessMemory의 일부 작업만을 마쳤습니다. (0x12B)
[0129/005559.603:WARNING:pe_image_annotations_reader.cc(135)] could not read annotations list object in C:\Program Files (x86)\Google\Chrome\Application\87.0.4280.141\chrome_elf.dll
[0129/005559.603:ERROR:process_memory_win.cc(73)] ReadMemory at 0x2dc94ea4f60 of 72 bytes failed: ReadProcessMemory 또는 WriteProcessMemory의 일부 작업만을 마쳤습니다. (0x12B)
[0129/005559.603:WARNING:pe_image_annotations_reader.cc(135)] could not read annotations list object in C:\Program Files (x86)\Google\Chrome\Application\87.0.4280.141\chrome.dll
[0129/005559.607:ERROR:process_memory_win.cc(73)] ReadMemory at 0x7ff7b08b0000 of 64 bytes failed: ReadProcessMemory 또는 WriteProcessMemory의 일부 작업만을 마쳤습니다. (0x12B)
[0129/005559.607:WARNING:pe_image_reader.cc(340)] could not read dos header from C:\Program Files (x86)\Google\Chrome\Application\chrome.exe
[0129/005559.607:ERROR:process_memory_win.cc(73)] ReadMemory at 0x7ffc0e2b0000 of 64 bytes failed: ReadProcessMemory 또는 WriteProcessMemory의 일부 작업만을 마쳤습니다. (0x12B)
[0129/005559.607:WARNING:pe_image_reader.cc(340)] could not read dos header from C:\Program Files (x86)\Google\Chrome\Application\87.0.4280.141\chrome_elf.dll
[0129/005559.608:ERROR:process_memory_win.cc(73)] ReadMemory at 0x7ffbf8fa0000 of 64 bytes failed: ReadProcessMemory 또는 WriteProcessMemory의 일부 작업만을 마쳤습니다. (0x12B)
[0129/005559.608:WARNING:pe_image_reader.cc(340)] could not read dos header from C:\Program Files (x86)\Google\Chrome\Application\87.0.4280.141\chrome.dll
[0129/005559.608:ERROR:process_memory_win.cc(73)] ReadMemory at 0x7ffc2e2c0000 of 64 bytes failed: ReadProcessMemory 또는 WriteProcessMemory의 일부 작업만을 마쳤습니다. (0x12B)
[0129/005559.608:WARNING:pe_image_reader.cc(340)] could not read dos header from C:\WINDOWS\SYSTEM32\dbghelp.dll
[0129/005559.608:ERROR:process_memory_win.cc(73)] ReadMemory at 0x7ffc3cef0000 of 64 bytes failed: ReadProcessMemory 또는 WriteProcessMemory의 일부 작업만을 마쳤습니다. (0x12B)
[0129/005559.608:WARNING:pe_image_reader.cc(340)] could not read dos header from C:\WINDOWS\SYSTEM32\IPHLPAPI.DLL
[0129/005559.608:ERROR:process_memory_win.cc(73)] ReadMemory at 0x7ffc317e0000 of 64 bytes failed: ReadProcessMemory 또는 WriteProcessMemory의 일부 작업만을 마쳤습니다. (0x12B)
[0129/005559.609:WARNING:pe_image_reader.cc(340)] could not read dos header from C:\WINDOWS\SYSTEM32\WINMM.dll
[0129/005559.609:ERROR:process_memory_win.cc(73)] ReadMemory at 0x7ffc14b80000 of 64 bytes failed: ReadProcessMemory 또는 WriteProcessMemory의 일부 작업만을 마쳤습니다. (0x12B)
[0129/005559.609:WARNING:pe_image_reader.cc(340)] could not read dos header from C:\WINDOWS\SYSTEM32\UIAutomationCore.DLL
[0129/005559.609:ERROR:process_memory_win.cc(73)] ReadMemory at 0x7ffc2e560000 of 64 bytes failed: ReadProcessMemory 또는 WriteProcessMemory의 일부 작업만을 마쳤습니다. (0x12B)
[0129/005559.609:WARNING:pe_image_reader.cc(340)] could not read dos header from C:\WINDOWS\SYSTEM32\Secur32.dll
[0129/005559.609:ERROR:process_memory_win.cc(73)] ReadMemory at 0x7ffc3d9a0000 of 64 bytes failed: ReadProcessMemory 또는 WriteProcessMemory의 일부 작업만을 마쳤습니다. (0x12B)
[0129/005559.609:WARNING:pe_image_reader.cc(340)] could not read dos header from C:\WINDOWS\SYSTEM32\USERENV.dll
[0129/005559.609:ERROR:process_memory_win.cc(73)] ReadMemory at 0x7ffc1bad0000 of 64 bytes failed: ReadProcessMemory 또는 WriteProcessMemory의 일부 작업만을 마쳤습니다. (0x12B)
[0129/005559.609:WARNING:pe_image_reader.cc(340)] could not read dos header from C:\WINDOWS\SYSTEM32\DWrite.dll
[0129/005559.609:ERROR:process_memory_win.cc(73)] ReadMemory at 0x7ffc32c40000 of 64 bytes failed: ReadProcessMemory 또는 WriteProcessMemory의 일부 작업만을 마쳤습니다. (0x12B)
[0129/005559.609:WARNING:pe_image_reader.cc(340)] could not read dos header from C:\WINDOWS\SYSTEM32\WINSPOOL.DRV
[0129/005559.609:ERROR:process_memory_win.cc(73)] ReadMemory at 0x7ffc36b60000 of 64 bytes failed: ReadProcessMemory 또는 WriteProcessMemory의 일부 작업만을 마쳤습니다. (0x12B)
[0129/005559.609:WARNING:pe_image_reader.cc(340)] could not read dos header from C:\WINDOWS\SYSTEM32\WINHTTP.dll
[0129/005559.609:ERROR:process_memory_win.cc(73)] ReadMemory at 0x7ffc38210000 of 64 bytes failed: ReadProcessMemory 또는 WriteProcessMemory의 일부 작업만을 마쳤습니다. (0x12B)
[0129/005559.609:WARNING:pe_image_reader.cc(340)] could not read dos header from C:\WINDOWS\SYSTEM32\dhcpcsvc.DLL
[0129/005559.609:ERROR:process_memory_win.cc(73)] ReadMemory at 0x7ffc39000000 of 64 bytes failed: ReadProcessMemory 또는 WriteProcessMemory의 일부 작업만을 마쳤습니다. (0x12B)
[0129/005559.609:WARNING:pe_image_reader.cc(340)] could not read dos header from C:\WINDOWS\SYSTEM32\PROPSYS.dll
[0129/005559.609:ERROR:process_memory_win.cc(73)] ReadMemory at 0x7ffc3d960000 of 64 bytes failed: ReadProcessMemory 또는 WriteProcessMemory의 일부 작업만을 마쳤습니다. (0x12B)
[0129/005559.609:WARNING:pe_image_reader.cc(340)] could not read dos header from C:\WINDOWS\SYSTEM32\SSPICLI.DLL
[0129/005559.609:ERROR:process_memory_win.cc(73)] ReadMemory at 0x7ffc3d810000 of 64 bytes failed: ReadProcessMemory 또는 WriteProcessMemory의 일부 작업만을 마쳤습니다. (0x12B)
[0129/005559.609:WARNING:pe_image_reader.cc(340)] could not read dos header from C:\WINDOWS\System32\MSASN1.dll
[0129/005559.609:ERROR:process_memory_win.cc(73)] ReadMemory at 0x7ffc3df20000 of 64 bytes failed: ReadProcessMemory 또는 WriteProcessMemory의 일부 작업만을 마쳤습니다. (0x12B)
[0129/005559.609:WARNING:pe_image_reader.cc(340)] could not read dos header from C:\WINDOWS\System32\bcryptPrimitives.dll
[0129/005559.609:ERROR:process_memory_win.cc(73)] ReadMemory at 0x7ffc3e3d0000 of 64 bytes failed: ReadProcessMemory 또는 WriteProcessMemory의 일부 작업만을 마쳤습니다. (0x12B)
[0129/005559.609:WARNING:pe_image_reader.cc(340)] could not read dos header from C:\WINDOWS\System32\SHELL32.dll
[0129/005559.610:ERROR:process_memory_win.cc(73)] ReadMemory at 0x7ffc3fb80000 of 64 bytes failed: ReadProcessMemory 또는 WriteProcessMemory의 일부 작업만을 마쳤습니다. (0x12B)
[0129/005559.610:WARNING:pe_image_reader.cc(340)] could not read dos header from C:\WINDOWS\System32\USER32.dll
[0129/005559.610:ERROR:process_memory_win.cc(73)] ReadMemory at 0x7ffc3def0000 of 64 bytes failed: ReadProcessMemory 또는 WriteProcessMemory의 일부 작업만을 마쳤습니다. (0x12B)
[0129/005559.610:WARNING:pe_image_reader.cc(340)] could not read dos header from C:\WINDOWS\System32\win32u.dll
[0129/005559.610:ERROR:process_memory_win.cc(73)] ReadMemory at 0x7ffc40290000 of 64 bytes failed: ReadProcessMemory 또는 WriteProcessMemory의 일부 작업만을 마쳤습니다. (0x12B)
[0129/005559.610:WARNING:pe_image_reader.cc(340)] could not read dos header from C:\WINDOWS\System32\GDI32.dll
[0129/005559.610:ERROR:process_memory_win.cc(73)] ReadMemory at 0x7ffc3dba0000 of 64 bytes failed: ReadProcessMemory 또는 WriteProcessMemory의 일부 작업만을 마쳤습니다. (0x12B)
[0129/005559.610:WARNING:pe_image_reader.cc(340)] could not read dos header from C:\WINDOWS\System32\gdi32full.dll
[0129/005559.610:ERROR:process_memory_win.cc(73)] ReadMemory at 0x7ffc3eed0000 of 64 bytes failed: ReadProcessMemory 또는 WriteProcessMemory의 일부 작업만을 마쳤습니다. (0x12B)
[0129/005559.610:WARNING:pe_image_reader.cc(340)] could not read dos header from C:\WINDOWS\System32\IMM32.DLL
[0129/005559.610:ERROR:process_memory_win.cc(73)] ReadMemory at 0x7ffc3bbd0000 of 64 bytes failed: ReadProcessMemory 또는 WriteProcessMemory의 일부 작업만을 마쳤습니다. (0x12B)
[0129/005559.610:WARNING:pe_image_reader.cc(340)] could not read dos header from C:\WINDOWS\SYSTEM32\windows.storage.dll
[0129/005559.610:ERROR:process_memory_win.cc(73)] ReadMemory at 0x7ffc3d440000 of 64 bytes failed: ReadProcessMemory 또는 WriteProcessMemory의 일부 작업만을 마쳤습니다. (0x12B)
[0129/005559.610:WARNING:pe_image_reader.cc(340)] could not read dos header from C:\WINDOWS\SYSTEM32\Wldp.dll
[0129/005559.610:ERROR:process_memory_win.cc(73)] ReadMemory at 0x7ffc3eb20000 of 64 bytes failed: ReadProcessMemory 또는 WriteProcessMemory의 일부 작업만을 마쳤습니다. (0x12B)
[0129/005559.610:WARNING:pe_image_reader.cc(340)] could not read dos header from C:\WINDOWS\System32\SHCORE.dll
[0129/005559.610:ERROR:process_memory_win.cc(73)] ReadMemory at 0x7ffc40090000 of 64 bytes failed: ReadProcessMemory 또는 WriteProcessMemory의 일부 작업만을 마쳤습니다. (0x12B)
[0129/005559.610:WARNING:pe_image_reader.cc(340)] could not read dos header from C:\WINDOWS\System32\shlwapi.dll
[0129/005559.610:ERROR:process_memory_win.cc(73)] ReadMemory at 0x7ffc3d9e0000 of 64 bytes failed: ReadProcessMemory 또는 WriteProcessMemory의 일부 작업만을 마쳤습니다. (0x12B)
[0129/005559.610:WARNING:pe_image_reader.cc(340)] could not read dos header from C:\WINDOWS\SYSTEM32\profapi.dll
[0129/005559.610:ERROR:process_memory_win.cc(73)] ReadMemory at 0x7ffc3d3b0000 of 64 bytes failed: ReadProcessMemory 또는 WriteProcessMemory의 일부 작업만을 마쳤습니다. (0x12B)
[0129/005559.611:WARNING:pe_image_reader.cc(340)] could not read dos header from C:\WINDOWS\SYSTEM32\CRYPTBASE.DLL
[0129/005559.611:ERROR:process_memory_win.cc(73)] ReadMemory at 0x7ff7b08b0000 of 64 bytes failed: ReadProcessMemory 또는 WriteProcessMemory의 일부 작업만을 마쳤습니다. (0x12B)
[0129/005559.611:WARNING:pe_image_reader.cc(340)] could not read dos header from C:\Program Files (x86)\Google\Chrome\Application\chrome.exe
[0129/005559.611:ERROR:process_memory_win.cc(73)] ReadMemory at 0x7ffc40370000 of 64 bytes failed: ReadProcessMemory 또는 WriteProcessMemory의 일부 작업만을 마쳤습니다. (0x12B)
[0129/005559.611:WARNING:pe_image_reader.cc(340)] could not read dos header from C:\WINDOWS\SYSTEM32\ntdll.dll
[0129/005559.611:ERROR:process_memory_win.cc(73)] ReadMemory at 0x7ffc3ece0000 of 64 bytes failed: ReadProcessMemory 또는 WriteProcessMemory의 일부 작업만을 마쳤습니다. (0x12B)
[0129/005559.611:WARNING:pe_image_reader.cc(340)] could not read dos header from C:\WINDOWS\System32\KERNEL32.DLL
[0129/005559.611:ERROR:process_memory_win.cc(73)] ReadMemory at 0x7ffc3dfa0000 of 64 bytes failed: ReadProcessMemory 또는 WriteProcessMemory의 일부 작업만을 마쳤습니다. (0x12B)
[0129/005559.611:WARNING:pe_image_reader.cc(340)] could not read dos header from C:\WINDOWS\System32\KERNELBASE.dll
[0129/005559.611:ERROR:process_memory_win.cc(73)] ReadMemory at 0x7ffc0e2b0000 of 64 bytes failed: ReadProcessMemory 또는 WriteProcessMemory의 일부 작업만을 마쳤습니다. (0x12B)
[0129/005559.611:WARNING:pe_image_reader.cc(340)] could not read dos header from C:\Program Files (x86)\Google\Chrome\Application\87.0.4280.141\chrome_elf.dll
[0129/005559.611:ERROR:process_memory_win.cc(73)] ReadMemory at 0x7ffc386d0000 of 64 bytes failed: ReadProcessMemory 또는 WriteProcessMemory의 일부 작업만을 마쳤습니다. (0x12B)
[0129/005559.611:WARNING:pe_image_reader.cc(340)] could not read dos header from C:\WINDOWS\SYSTEM32\VERSION.dll
[0129/005559.611:ERROR:process_memory_win.cc(73)] ReadMemory at 0x7ffc3f9c0000 of 64 bytes failed: ReadProcessMemory 또는 WriteProcessMemory의 일부 작업만을 마쳤습니다. (0x12B)
[0129/005559.611:WARNING:pe_image_reader.cc(340)] could not read dos header from C:\WINDOWS\System32\msvcrt.dll
[0129/005559.611:ERROR:process_memory_win.cc(73)] ReadMemory at 0x7ffc3ef00000 of 64 bytes failed: ReadProcessMemory 또는 WriteProcessMemory의 일부 작업만을 마쳤습니다. (0x12B)
[0129/005559.611:WARNING:pe_image_reader.cc(340)] could not read dos header from C:\WINDOWS\System32\ADVAPI32.dll
[0129/005559.611:ERROR:process_memory_win.cc(73)] ReadMemory at 0x7ffc3ebd0000 of 64 bytes failed: ReadProcessMemory 또는 WriteProcessMemory의 일부 작업만을 마쳤습니다. (0x12B)
[0129/005559.611:WARNING:pe_image_reader.cc(340)] could not read dos header from C:\WINDOWS\System32\sechost.dll
[0129/005559.611:ERROR:process_memory_win.cc(73)] ReadMemory at 0x7ffc400f0000 of 64 bytes failed: ReadProcessMemory 또는 WriteProcessMemory의 일부 작업만을 마쳤습니다. (0x12B)
[0129/005559.611:WARNING:pe_image_reader.cc(340)] could not read dos header from C:\WINDOWS\System32\RPCRT4.dll
[0129/005559.611:ERROR:process_memory_win.cc(73)] ReadMemory at 0x7ffbf8fa0000 of 64 bytes failed: ReadProcessMemory 또는 WriteProcessMemory의 일부 작업만을 마쳤습니다. (0x12B)
[0129/005559.611:WARNING:pe_image_reader.cc(340)] could not read dos header from C:\Program Files (x86)\Google\Chrome\Application\87.0.4280.141\chrome.dll
[0129/005559.611:ERROR:process_memory_win.cc(73)] ReadMemory at 0x7ffc402c0000 of 64 bytes failed: ReadProcessMemory 또는 WriteProcessMemory의 일부 작업만을 마쳤습니다. (0x12B)
[0129/005559.611:WARNING:pe_image_reader.cc(340)] could not read dos header from C:\WINDOWS\System32\WS2_32.dll
[0129/005559.611:ERROR:process_memory_win.cc(73)] ReadMemory at 0x7ffc3f580000 of 64 bytes failed: ReadProcessMemory 또는 WriteProcessMemory의 일부 작업만을 마쳤습니다. (0x12B)
[0129/005559.612:WARNING:pe_image_reader.cc(340)] could not read dos header from C:\WINDOWS\System32\OLEAUT32.dll
[0129/005559.612:ERROR:process_memory_win.cc(73)] ReadMemory at 0x7ffc3db00000 of 64 bytes failed: ReadProcessMemory 또는 WriteProcessMemory의 일부 작업만을 마쳤습니다. (0x12B)
[0129/005559.612:WARNING:pe_image_reader.cc(340)] could not read dos header from C:\WINDOWS\System32\msvcp_win.dll
[0129/005559.612:ERROR:process_memory_win.cc(73)] ReadMemory at 0x7ffc3e270000 of 64 bytes failed: ReadProcessMemory 또는 WriteProcessMemory의 일부 작업만을 마쳤습니다. (0x12B)
[0129/005559.612:WARNING:pe_image_reader.cc(340)] could not read dos header from C:\WINDOWS\System32\ucrtbase.dll
[0129/005559.612:ERROR:process_memory_win.cc(73)] ReadMemory at 0x7ffc3f660000 of 64 bytes failed: ReadProcessMemory 또는 WriteProcessMemory의 일부 작업만을 마쳤습니다. (0x12B)
[0129/005559.612:WARNING:pe_image_reader.cc(340)] could not read dos header from C:\WINDOWS\System32\combase.dll
[0129/005559.612:ERROR:process_memory_win.cc(73)] ReadMemory at 0x7ffc3e370000 of 64 bytes failed: ReadProcessMemory 또는 WriteProcessMemory의 일부 작업만을 마쳤습니다. (0x12B)
[0129/005559.612:WARNING:pe_image_reader.cc(340)] could not read dos header from C:\WINDOWS\System32\WINTRUST.dll
[0129/005559.612:ERROR:process_memory_win.cc(73)] ReadMemory at 0x7ffc3dd90000 of 64 bytes failed: ReadProcessMemory 또는 WriteProcessMemory의 일부 작업만을 마쳤습니다. (0x12B)
[0129/005559.612:WARNING:pe_image_reader.cc(340)] could not read dos header from C:\WINDOWS\System32\CRYPT32.dll
[0129/005559.612:ERROR:process_memory_win.cc(73)] ReadMemory at 0x7ffc2e2c0000 of 64 bytes failed: ReadProcessMemory 또는 WriteProcessMemory의 일부 작업만을 마쳤습니다. (0x12B)
[0129/005559.612:WARNING:pe_image_reader.cc(340)] could not read dos header from C:\WINDOWS\SYSTEM32\dbghelp.dll
[0129/005559.612:ERROR:process_memory_win.cc(73)] ReadMemory at 0x7ffc3cef0000 of 64 bytes failed: ReadProcessMemory 또는 WriteProcessMemory의 일부 작업만을 마쳤습니다. (0x12B)
[0129/005559.612:WARNING:pe_image_reader.cc(340)] could not read dos header from C:\WINDOWS\SYSTEM32\IPHLPAPI.DLL
[0129/005559.612:ERROR:process_memory_win.cc(73)] ReadMemory at 0x7ffc317e0000 of 64 bytes failed: ReadProcessMemory 또는 WriteProcessMemory의 일부 작업만을 마쳤습니다. (0x12B)
[0129/005559.612:WARNING:pe_image_reader.cc(340)] could not read dos header from C:\WINDOWS\SYSTEM32\WINMM.dll
[0129/005559.612:ERROR:process_memory_win.cc(73)] ReadMemory at 0x7ffc14b80000 of 64 bytes failed: ReadProcessMemory 또는 WriteProcessMemory의 일부 작업만을 마쳤습니다. (0x12B)
[0129/005559.612:WARNING:pe_image_reader.cc(340)] could not read dos header from C:\WINDOWS\SYSTEM32\UIAutomationCore.DLL
[0129/005559.612:ERROR:process_memory_win.cc(73)] ReadMemory at 0x7ffc2e560000 of 64 bytes failed: ReadProcessMemory 또는 WriteProcessMemory의 일부 작업만을 마쳤습니다. (0x12B)
[0129/005559.612:WARNING:pe_image_reader.cc(340)] could not read dos header from C:\WINDOWS\SYSTEM32\Secur32.dll
[0129/005559.613:ERROR:process_memory_win.cc(73)] ReadMemory at 0x7ffc3d9a0000 of 64 bytes failed: ReadProcessMemory 또는 WriteProcessMemory의 일부 작업만을 마쳤습니다. (0x12B)
[0129/005559.613:WARNING:pe_image_reader.cc(340)] could not read dos header from C:\WINDOWS\SYSTEM32\USERENV.dll
[0129/005559.613:ERROR:process_memory_win.cc(73)] ReadMemory at 0x7ffc1bad0000 of 64 bytes failed: ReadProcessMemory 또는 WriteProcessMemory의 일부 작업만을 마쳤습니다. (0x12B)
[0129/005559.613:WARNING:pe_image_reader.cc(340)] could not read dos header from C:\WINDOWS\SYSTEM32\DWrite.dll
[0129/005559.613:ERROR:process_memory_win.cc(73)] ReadMemory at 0x7ffc32c40000 of 64 bytes failed: ReadProcessMemory 또는 WriteProcessMemory의 일부 작업만을 마쳤습니다. (0x12B)
[0129/005559.613:WARNING:pe_image_reader.cc(340)] could not read dos header from C:\WINDOWS\SYSTEM32\WINSPOOL.DRV
[0129/005559.613:ERROR:process_memory_win.cc(73)] ReadMemory at 0x7ffc36b60000 of 64 bytes failed: ReadProcessMemory 또는 WriteProcessMemory의 일부 작업만을 마쳤습니다. (0x12B)
[0129/005559.613:WARNING:pe_image_reader.cc(340)] could not read dos header from C:\WINDOWS\SYSTEM32\WINHTTP.dll
[0129/005559.613:ERROR:process_memory_win.cc(73)] ReadMemory at 0x7ffc38210000 of 64 bytes failed: ReadProcessMemory 또는 WriteProcessMemory의 일부 작업만을 마쳤습니다. (0x12B)
[0129/005559.613:WARNING:pe_image_reader.cc(340)] could not read dos header from C:\WINDOWS\SYSTEM32\dhcpcsvc.DLL
[0129/005559.613:ERROR:process_memory_win.cc(73)] ReadMemory at 0x7ffc39000000 of 64 bytes failed: ReadProcessMemory 또는 WriteProcessMemory의 일부 작업만을 마쳤습니다. (0x12B)
[0129/005559.613:WARNING:pe_image_reader.cc(340)] could not read dos header from C:\WINDOWS\SYSTEM32\PROPSYS.dll
[0129/005559.613:ERROR:process_memory_win.cc(73)] ReadMemory at 0x7ffc3d960000 of 64 bytes failed: ReadProcessMemory 또는 WriteProcessMemory의 일부 작업만을 마쳤습니다. (0x12B)
[0129/005559.613:WARNING:pe_image_reader.cc(340)] could not read dos header from C:\WINDOWS\SYSTEM32\SSPICLI.DLL
[0129/005559.613:ERROR:process_memory_win.cc(73)] ReadMemory at 0x7ffc3d810000 of 64 bytes failed: ReadProcessMemory 또는 WriteProcessMemory의 일부 작업만을 마쳤습니다. (0x12B)
[0129/005559.613:WARNING:pe_image_reader.cc(340)] could not read dos header from C:\WINDOWS\System32\MSASN1.dll
[0129/005559.613:ERROR:process_memory_win.cc(73)] ReadMemory at 0x7ffc3df20000 of 64 bytes failed: ReadProcessMemory 또는 WriteProcessMemory의 일부 작업만을 마쳤습니다. (0x12B)
[0129/005559.613:WARNING:pe_image_reader.cc(340)] could not read dos header from C:\WINDOWS\System32\bcryptPrimitives.dll
[0129/005559.613:ERROR:process_memory_win.cc(73)] ReadMemory at 0x7ffc3e3d0000 of 64 bytes failed: ReadProcessMemory 또는 WriteProcessMemory의 일부 작업만을 마쳤습니다. (0x12B)
[0129/005559.613:WARNING:pe_image_reader.cc(340)] could not read dos header from C:\WINDOWS\System32\SHELL32.dll
[0129/005559.613:ERROR:process_memory_win.cc(73)] ReadMemory at 0x7ffc3fb80000 of 64 bytes failed: ReadProcessMemory 또는 WriteProcessMemory의 일부 작업만을 마쳤습니다. (0x12B)
[0129/005559.613:WARNING:pe_image_reader.cc(340)] could not read dos header from C:\WINDOWS\System32\USER32.dll
[0129/005559.613:ERROR:process_memory_win.cc(73)] ReadMemory at 0x7ffc3def0000 of 64 bytes failed: ReadProcessMemory 또는 WriteProcessMemory의 일부 작업만을 마쳤습니다. (0x12B)
[0129/005559.614:WARNING:pe_image_reader.cc(340)] could not read dos header from C:\WINDOWS\System32\win32u.dll
[0129/005559.614:ERROR:process_memory_win.cc(73)] ReadMemory at 0x7ffc40290000 of 64 bytes failed: ReadProcessMemory 또는 WriteProcessMemory의 일부 작업만을 마쳤습니다. (0x12B)
[0129/005559.614:WARNING:pe_image_reader.cc(340)] could not read dos header from C:\WINDOWS\System32\GDI32.dll
[0129/005559.614:ERROR:process_memory_win.cc(73)] ReadMemory at 0x7ffc3dba0000 of 64 bytes failed: ReadProcessMemory 또는 WriteProcessMemory의 일부 작업만을 마쳤습니다. (0x12B)
[0129/005559.614:WARNING:pe_image_reader.cc(340)] could not read dos header from C:\WINDOWS\System32\gdi32full.dll
[0129/005559.614:ERROR:process_memory_win.cc(73)] ReadMemory at 0x7ffc3eed0000 of 64 bytes failed: ReadProcessMemory 또는 WriteProcessMemory의 일부 작업만을 마쳤습니다. (0x12B)
[0129/005559.614:WARNING:pe_image_reader.cc(340)] could not read dos header from C:\WINDOWS\System32\IMM32.DLL
[0129/005559.614:ERROR:process_memory_win.cc(73)] ReadMemory at 0x7ffc3bbd0000 of 64 bytes failed: ReadProcessMemory 또는 WriteProcessMemory의 일부 작업만을 마쳤습니다. (0x12B)
[0129/005559.614:WARNING:pe_image_reader.cc(340)] could not read dos header from C:\WINDOWS\SYSTEM32\windows.storage.dll
[0129/005559.614:ERROR:process_memory_win.cc(73)] ReadMemory at 0x7ffc3d440000 of 64 bytes failed: ReadProcessMemory 또는 WriteProcessMemory의 일부 작업만을 마쳤습니다. (0x12B)
[0129/005559.614:WARNING:pe_image_reader.cc(340)] could not read dos header from C:\WINDOWS\SYSTEM32\Wldp.dll
[0129/005559.614:ERROR:process_memory_win.cc(73)] ReadMemory at 0x7ffc3eb20000 of 64 bytes failed: ReadProcessMemory 또는 WriteProcessMemory의 일부 작업만을 마쳤습니다. (0x12B)
[0129/005559.614:WARNING:pe_image_reader.cc(340)] could not read dos header from C:\WINDOWS\System32\SHCORE.dll
[0129/005559.614:ERROR:process_memory_win.cc(73)] ReadMemory at 0x7ffc40090000 of 64 bytes failed: ReadProcessMemory 또는 WriteProcessMemory의 일부 작업만을 마쳤습니다. (0x12B)
[0129/005559.614:WARNING:pe_image_reader.cc(340)] could not read dos header from C:\WINDOWS\System32\shlwapi.dll
[0129/005559.614:ERROR:process_memory_win.cc(73)] ReadMemory at 0x7ffc3d9e0000 of 64 bytes failed: ReadProcessMemory 또는 WriteProcessMemory의 일부 작업만을 마쳤습니다. (0x12B)
[0129/005559.614:WARNING:pe_image_reader.cc(340)] could not read dos header from C:\WINDOWS\SYSTEM32\profapi.dll
[0129/005559.614:ERROR:process_memory_win.cc(73)] ReadMemory at 0x7ffc3d3b0000 of 64 bytes failed: ReadProcessMemory 또는 WriteProcessMemory의 일부 작업만을 마쳤습니다. (0x12B)
[0129/005559.614:WARNING:pe_image_reader.cc(340)] could not read dos header from C:\WINDOWS\SYSTEM32\CRYPTBASE.DLL
[0129/005559.636:ERROR:process_memory_win.cc(73)] ReadMemory at 0xee773eb000 of 86016 bytes failed: ReadProcessMemory 또는 WriteProcessMemory의 일부 작업만을 마쳤습니다. (0x12B)
[0129/005559.636:ERROR:process_memory_win.cc(73)] ReadMemory at 0xee77bfe000 of 8192 bytes failed: ReadProcessMemory 또는 WriteProcessMemory의 일부 작업만을 마쳤습니다. (0x12B)
[0129/005559.636:ERROR:process_memory_win.cc(73)] ReadMemory at 0xee783f9000 of 28672 bytes failed: ReadProcessMemory 또는 WriteProcessMemory의 일부 작업만을 마쳤습니다. (0x12B)
[0129/005559.637:ERROR:process_memory_win.cc(73)] ReadMemory at 0xee78bfe000 of 8192 bytes failed: ReadProcessMemory 또는 WriteProcessMemory의 일부 작업만을 마쳤습니다. (0x12B)
[0129/005559.637:ERROR:process_memory_win.cc(73)] ReadMemory at 0xee793fd000 of 12288 bytes failed: ReadProcessMemory 또는 WriteProcessMemory의 일부 작업만을 마쳤습니다. (0x12B)
[0129/005559.637:ERROR:process_memory_win.cc(73)] ReadMemory at 0xee79bf9000 of 28672 bytes failed: ReadProcessMemory 또는 WriteProcessMemory의 일부 작업만을 마쳤습니다. (0x12B)
[0129/005559.637:ERROR:process_memory_win.cc(73)] ReadMemory at 0xee7a3ff000 of 4096 bytes failed: ReadProcessMemory 또는 WriteProcessMemory의 일부 작업만을 마쳤습니다. (0x12B)
[0129/005559.637:ERROR:process_memory_win.cc(73)] ReadMemory at 0xee7abfe000 of 8192 bytes failed: ReadProcessMemory 또는 WriteProcessMemory의 일부 작업만을 마쳤습니다. (0x12B)
[0129/005559.637:ERROR:process_memory_win.cc(73)] ReadMemory at 0xee7b3fc000 of 16384 bytes failed: ReadProcessMemory 또는 WriteProcessMemory의 일부 작업만을 마쳤습니다. (0x12B)
[0129/005559.637:ERROR:process_memory_win.cc(73)] ReadMemory at 0xee7bbfe000 of 8192 bytes failed: ReadProcessMemory 또는 WriteProcessMemory의 일부 작업만을 마쳤습니다. (0x12B)
[0129/005559.637:ERROR:process_memory_win.cc(73)] ReadMemory at 0xee7c3fe000 of 8192 bytes failed: ReadProcessMemory 또는 WriteProcessMemory의 일부 작업만을 마쳤습니다. (0x12B)
[0129/005559.637:ERROR:process_memory_win.cc(73)] ReadMemory at 0xee7cbfe000 of 8192 bytes failed: ReadProcessMemory 또는 WriteProcessMemory의 일부 작업만을 마쳤습니다. (0x12B)
[0129/005559.638:ERROR:process_memory_win.cc(73)] ReadMemory at 0xee7d3fe000 of 8192 bytes failed: ReadProcessMemory 또는 WriteProcessMemory의 일부 작업만을 마쳤습니다. (0x12B)
[0129/005559.638:ERROR:process_memory_win.cc(73)] ReadMemory at 0xee7e3f9000 of 28672 bytes failed: ReadProcessMemory 또는 WriteProcessMemory의 일부 작업만을 마쳤습니다. (0x12B)
[0129/005559.638:ERROR:process_memory_win.cc(73)] ReadMemory at 0xee76bb3000 of 852 bytes failed: ReadProcessMemory 또는 WriteProcessMemory의 일부 작업만을 마쳤습니다. (0x12B)
[0129/005559.638:ERROR:process_memory_win.cc(73)] ReadMemory at 0xee76bb4000 of 6024 bytes failed: ReadProcessMemory 또는 WriteProcessMemory의 일부 작업만을 마쳤습니다. (0x12B)
[0129/005559.638:ERROR:process_memory_win.cc(73)] ReadMemory at 0xee76bb6000 of 6024 bytes failed: ReadProcessMemory 또는 WriteProcessMemory의 일부 작업만을 마쳤습니다. (0x12B)
[0129/005559.638:ERROR:process_memory_win.cc(73)] ReadMemory at 0xee76bb8000 of 6024 bytes failed: ReadProcessMemory 또는 WriteProcessMemory의 일부 작업만을 마쳤습니다. (0x12B)
[0129/005559.638:ERROR:process_memory_win.cc(73)] ReadMemory at 0xee76bba000 of 6024 bytes failed: ReadProcessMemory 또는 WriteProcessMemory의 일부 작업만을 마쳤습니다. (0x12B)
[0129/005559.638:ERROR:process_memory_win.cc(73)] ReadMemory at 0xee76bbc000 of 6024 bytes failed: ReadProcessMemory 또는 WriteProcessMemory의 일부 작업만을 마쳤습니다. (0x12B)
[0129/005559.638:ERROR:process_memory_win.cc(73)] ReadMemory at 0xee76bbe000 of 6024 bytes failed: ReadProcessMemory 또는 WriteProcessMemory의 일부 작업만을 마쳤습니다. (0x12B)
[0129/005559.638:ERROR:process_memory_win.cc(73)] ReadMemory at 0xee76bc0000 of 6024 bytes failed: ReadProcessMemory 또는 WriteProcessMemory의 일부 작업만을 마쳤습니다. (0x12B)
[0129/005559.638:ERROR:process_memory_win.cc(73)] ReadMemory at 0xee76bc2000 of 6024 bytes failed: ReadProcessMemory 또는 WriteProcessMemory의 일부 작업만을 마쳤습니다. (0x12B)
[0129/005559.639:ERROR:process_memory_win.cc(73)] ReadMemory at 0xee76bc4000 of 6024 bytes failed: ReadProcessMemory 또는 WriteProcessMemory의 일부 작업만을 마쳤습니다. (0x12B)
[0129/005559.639:ERROR:process_memory_win.cc(73)] ReadMemory at 0xee76bc6000 of 6024 bytes failed: ReadProcessMemory 또는 WriteProcessMemory의 일부 작업만을 마쳤습니다. (0x12B)
[0129/005559.639:ERROR:process_memory_win.cc(73)] ReadMemory at 0xee76bc8000 of 6024 bytes failed: ReadProcessMemory 또는 WriteProcessMemory의 일부 작업만을 마쳤습니다. (0x12B)
[0129/005559.639:ERROR:process_memory_win.cc(73)] ReadMemory at 0xee76bca000 of 6024 bytes failed: ReadProcessMemory 또는 WriteProcessMemory의 일부 작업만을 마쳤습니다. (0x12B)
[0129/005559.639:ERROR:process_memory_win.cc(73)] ReadMemory at 0xee76bcc000 of 6024 bytes failed: ReadProcessMemory 또는 WriteProcessMemory의 일부 작업만을 마쳤습니다. (0x12B)
[0129/005559.639:ERROR:process_memory_win.cc(73)] ReadMemory at 0xee76bd0000 of 6024 bytes failed: ReadProcessMemory 또는 WriteProcessMemory의 일부 작업만을 마쳤습니다. (0x12B)
[0129/005559.639:ERROR:process_memory_win.cc(73)] ReadMemory at 0x2dc94e60fe0 of 7134 bytes failed: ReadProcessMemory 또는 WriteProcessMemory의 일부 작업만을 마쳤습니다. (0x12B)
[0129/005559.639:ERROR:process_memory_win.cc(73)] ReadMemory at 0x2dc94e62bd0 of 1012 bytes failed: ReadProcessMemory 또는 WriteProcessMemory의 일부 작업만을 마쳤습니다. (0x12B)
[0129/005559.639:ERROR:process_memory_win.cc(73)] ReadMemory at 0x2dc94e63218 of 118 bytes failed: ReadProcessMemory 또는 WriteProcessMemory의 일부 작업만을 마쳤습니다. (0x12B)
[0129/005559.639:ERROR:process_memory_win.cc(73)] ReadMemory at 0x2dc94e63290 of 1130 bytes failed: ReadProcessMemory 또는 WriteProcessMemory의 일부 작업만을 마쳤습니다. (0x12B)
[0129/005559.639:ERROR:process_memory_win.cc(73)] ReadMemory at 0x2dc94e636fc of 118 bytes failed: ReadProcessMemory 또는 WriteProcessMemory의 일부 작업만을 마쳤습니다. (0x12B)
[0129/005559.640:ERROR:process_memory_win.cc(73)] ReadMemory at 0x2dc94e63774 of 96 bytes failed: ReadProcessMemory 또는 WriteProcessMemory의 일부 작업만을 마쳤습니다. (0x12B)
[0129/005559.640:ERROR:process_memory_win.cc(73)] ReadMemory at 0x2dc94e637e0 of 58 bytes failed: ReadProcessMemory 또는 WriteProcessMemory의 일부 작업만을 마쳤습니다. (0x12B)
[0129/005559.640:ERROR:process_memory_win.cc(73)] ReadMemory at 0x2dc94e638e0 of 132 bytes failed: ReadProcessMemory 또는 WriteProcessMemory의 일부 작업만을 마쳤습니다. (0x12B)
[0129/005559.640:ERROR:process_memory_win.cc(73)] ReadMemory at 0x2dc94e63a70 of 132 bytes failed: ReadProcessMemory 또는 WriteProcessMemory의 일부 작업만을 마쳤습니다. (0x12B)
[0129/005559.640:ERROR:process_memory_win.cc(73)] ReadMemory at 0x2dc94e63c30 of 126 bytes failed: ReadProcessMemory 또는 WriteProcessMemory의 일부 작업만을 마쳤습니다. (0x12B)
[0129/005559.640:ERROR:process_memory_win.cc(73)] ReadMemory at 0x2dc94e64130 of 132 bytes failed: ReadProcessMemory 또는 WriteProcessMemory의 일부 작업만을 마쳤습니다. (0x12B)
[0129/005559.640:ERROR:process_memory_win.cc(73)] ReadMemory at 0x2dc94e642c0 of 64 bytes failed: ReadProcessMemory 또는 WriteProcessMemory의 일부 작업만을 마쳤습니다. (0x12B)
[0129/005559.640:ERROR:process_memory_win.cc(73)] ReadMemory at 0x2dc94e64480 of 132 bytes failed: ReadProcessMemory 또는 WriteProcessMemory의 일부 작업만을 마쳤습니다. (0x12B)
[0129/005559.640:ERROR:process_memory_win.cc(73)] ReadMemory at 0x2dc94e64740 of 132 bytes failed: ReadProcessMemory 또는 WriteProcessMemory의 일부 작업만을 마쳤습니다. (0x12B)
[0129/005559.640:ERROR:process_memory_win.cc(73)] ReadMemory at 0x2dc94e648d0 of 68 bytes failed: ReadProcessMemory 또는 WriteProcessMemory의 일부 작업만을 마쳤습니다. (0x12B)
[0129/005559.640:ERROR:process_memory_win.cc(73)] ReadMemory at 0x2dc94e659f0 of 132 bytes failed: ReadProcessMemory 또는 WriteProcessMemory의 일부 작업만을 마쳤습니다. (0x12B)
[0129/005559.640:ERROR:process_memory_win.cc(73)] ReadMemory at 0x2dc94e65b20 of 154 bytes failed: ReadProcessMemory 또는 WriteProcessMemory의 일부 작업만을 마쳤습니다. (0x12B)
[0129/005559.640:ERROR:process_memory_win.cc(73)] ReadMemory at 0x2dc94e66960 of 132 bytes failed: ReadProcessMemory 또는 WriteProcessMemory의 일부 작업만을 마쳤습니다. (0x12B)
[0129/005559.641:ERROR:process_memory_win.cc(73)] ReadMemory at 0x2dc94e67e70 of 60 bytes failed: ReadProcessMemory 또는 WriteProcessMemory의 일부 작업만을 마쳤습니다. (0x12B)
[0129/005559.641:ERROR:process_memory_win.cc(73)] ReadMemory at 0x2dc94e67ec0 of 62 bytes failed: ReadProcessMemory 또는 WriteProcessMemory의 일부 작업만을 마쳤습니다. (0x12B)
[0129/005559.641:ERROR:process_memory_win.cc(73)] ReadMemory at 0x2dc94e6c7b0 of 80 bytes failed: ReadProcessMemory 또는 WriteProcessMemory의 일부 작업만을 마쳤습니다. (0x12B)
[0129/005559.641:ERROR:process_memory_win.cc(73)] ReadMemory at 0x2dc94e70681 of 512 bytes failed: ReadProcessMemory 또는 WriteProcessMemory의 일부 작업만을 마쳤습니다. (0x12B)
[0129/005559.641:ERROR:process_memory_win.cc(73)] ReadMemory at 0x2dc94e742a0 of 132 bytes failed: ReadProcessMemory 또는 WriteProcessMemory의 일부 작업만을 마쳤습니다. (0x12B)
[0129/005559.641:ERROR:process_memory_win.cc(73)] ReadMemory at 0x2dc94e743d0 of 146 bytes failed: ReadProcessMemory 또는 WriteProcessMemory의 일부 작업만을 마쳤습니다. (0x12B)
[0129/005559.641:ERROR:process_memory_win.cc(73)] ReadMemory at 0x2dc94e744f0 of 132 bytes failed: ReadProcessMemory 또는 WriteProcessMemory의 일부 작업만을 마쳤습니다. (0x12B)
[0129/005559.641:ERROR:process_memory_win.cc(73)] ReadMemory at 0x2dc94e77e00 of 132 bytes failed: ReadProcessMemory 또는 WriteProcessMemory의 일부 작업만을 마쳤습니다. (0x12B)
[0129/005559.641:ERROR:process_memory_win.cc(73)] ReadMemory at 0x2dc94e781a0 of 132 bytes failed: ReadProcessMemory 또는 WriteProcessMemory의 일부 작업만을 마쳤습니다. (0x12B)
[0129/005559.641:ERROR:process_memory_win.cc(73)] ReadMemory at 0x2dc94e782d0 of 132 bytes failed: ReadProcessMemory 또는 WriteProcessMemory의 일부 작업만을 마쳤습니다. (0x12B)
[0129/005559.641:ERROR:process_memory_win.cc(73)] ReadMemory at 0x2dc94e78400 of 132 bytes failed: ReadProcessMemory 또는 WriteProcessMemory의 일부 작업만을 마쳤습니다. (0x12B)
[0129/005559.642:ERROR:process_memory_win.cc(73)] ReadMemory at 0x2dc94e78530 of 132 bytes failed: ReadProcessMemory 또는 WriteProcessMemory의 일부 작업만을 마쳤습니다. (0x12B)
[0129/005559.642:ERROR:process_memory_win.cc(73)] ReadMemory at 0x2dc94e78660 of 132 bytes failed: ReadProcessMemory 또는 WriteProcessMemory의 일부 작업만을 마쳤습니다. (0x12B)
[0129/005559.642:ERROR:process_memory_win.cc(73)] ReadMemory at 0x2dc94e78790 of 132 bytes failed: ReadProcessMemory 또는 WriteProcessMemory의 일부 작업만을 마쳤습니다. (0x12B)
[0129/005559.642:ERROR:process_memory_win.cc(73)] ReadMemory at 0x2dc94e788c0 of 132 bytes failed: ReadProcessMemory 또는 WriteProcessMemory의 일부 작업만을 마쳤습니다. (0x12B)
[0129/005559.642:ERROR:process_memory_win.cc(73)] ReadMemory at 0x2dc94e789f0 of 132 bytes failed: ReadProcessMemory 또는 WriteProcessMemory의 일부 작업만을 마쳤습니다. (0x12B)
[0129/005559.642:ERROR:process_memory_win.cc(73)] ReadMemory at 0x2dc94e78b20 of 132 bytes failed: ReadProcessMemory 또는 WriteProcessMemory의 일부 작업만을 마쳤습니다. (0x12B)
[0129/005559.643:ERROR:process_memory_win.cc(73)] ReadMemory at 0x2dc94e78c50 of 132 bytes failed: ReadProcessMemory 또는 WriteProcessMemory의 일부 작업만을 마쳤습니다. (0x12B)
[0129/005559.643:ERROR:process_memory_win.cc(73)] ReadMemory at 0x2dc94e78d80 of 132 bytes failed: ReadProcessMemory 또는 WriteProcessMemory의 일부 작업만을 마쳤습니다. (0x12B)
[0129/005559.644:ERROR:process_memory_win.cc(73)] ReadMemory at 0x2dc94e78eb0 of 132 bytes failed: ReadProcessMemory 또는 WriteProcessMemory의 일부 작업만을 마쳤습니다. (0x12B)
[0129/005559.644:ERROR:process_memory_win.cc(73)] ReadMemory at 0x2dc94e78fe0 of 132 bytes failed: ReadProcessMemory 또는 WriteProcessMemory의 일부 작업만을 마쳤습니다. (0x12B)
[0129/005559.644:ERROR:process_memory_win.cc(73)] ReadMemory at 0x2dc94e79230 of 64 bytes failed: ReadProcessMemory 또는 WriteProcessMemory의 일부 작업만을 마쳤습니다. (0x12B)
[0129/005559.644:ERROR:process_memory_win.cc(73)] ReadMemory at 0x2dc94e79280 of 62 bytes failed: ReadProcessMemory 또는 WriteProcessMemory의 일부 작업만을 마쳤습니다. (0x12B)
[0129/005559.644:ERROR:process_memory_win.cc(73)] ReadMemory at 0x2dc94e792d0 of 60 bytes failed: ReadProcessMemory 또는 WriteProcessMemory의 일부 작업만을 마쳤습니다. (0x12B)
[0129/005559.645:ERROR:process_memory_win.cc(73)] ReadMemory at 0x2dc94e79320 of 64 bytes failed: ReadProcessMemory 또는 WriteProcessMemory의 일부 작업만을 마쳤습니다. (0x12B)
[0129/005559.645:ERROR:process_memory_win.cc(73)] ReadMemory at 0x2dc94e79460 of 64 bytes failed: ReadProcessMemory 또는 WriteProcessMemory의 일부 작업만을 마쳤습니다. (0x12B)
[0129/005559.645:ERROR:process_memory_win.cc(73)] ReadMemory at 0x2dc94e79550 of 64 bytes failed: ReadProcessMemory 또는 WriteProcessMemory의 일부 작업만을 마쳤습니다. (0x12B)
[0129/005559.645:ERROR:process_memory_win.cc(73)] ReadMemory at 0x2dc94e795a0 of 62 bytes failed: ReadProcessMemory 또는 WriteProcessMemory의 일부 작업만을 마쳤습니다. (0x12B)
[0129/005559.645:ERROR:process_memory_win.cc(73)] ReadMemory at 0x2dc94e79690 of 62 bytes failed: ReadProcessMemory 또는 WriteProcessMemory의 일부 작업만을 마쳤습니다. (0x12B)
[0129/005559.645:ERROR:process_memory_win.cc(73)] ReadMemory at 0x2dc94e798c0 of 62 bytes failed: ReadProcessMemory 또는 WriteProcessMemory의 일부 작업만을 마쳤습니다. (0x12B)
[0129/005559.645:ERROR:process_memory_win.cc(73)] ReadMemory at 0x2dc94e799b0 of 66 bytes failed: ReadProcessMemory 또는 WriteProcessMemory의 일부 작업만을 마쳤습니다. (0x12B)
[0129/005559.645:ERROR:process_memory_win.cc(73)] ReadMemory at 0x2dc94e79a50 of 58 bytes failed: ReadProcessMemory 또는 WriteProcessMemory의 일부 작업만을 마쳤습니다. (0x12B)
[0129/005559.645:ERROR:process_memory_win.cc(73)] ReadMemory at 0x2dc94e79b90 of 64 bytes failed: ReadProcessMemory 또는 WriteProcessMemory의 일부 작업만을 마쳤습니다. (0x12B)
[0129/005559.645:ERROR:process_memory_win.cc(73)] ReadMemory at 0x2dc94e79be0 of 62 bytes failed: ReadProcessMemory 또는 WriteProcessMemory의 일부 작업만을 마쳤습니다. (0x12B)
[0129/005559.645:ERROR:process_memory_win.cc(73)] ReadMemory at 0x2dc94e79c30 of 62 bytes failed: ReadProcessMemory 또는 WriteProcessMemory의 일부 작업만을 마쳤습니다. (0x12B)
[0129/005559.645:ERROR:process_memory_win.cc(73)] ReadMemory at 0x2dc94e79cd0 of 60 bytes failed: ReadProcessMemory 또는 WriteProcessMemory의 일부 작업만을 마쳤습니다. (0x12B)
[0129/005559.646:ERROR:process_memory_win.cc(73)] ReadMemory at 0x2dc94e79eb0 of 62 bytes failed: ReadProcessMemory 또는 WriteProcessMemory의 일부 작업만을 마쳤습니다. (0x12B)
[0129/005559.646:ERROR:process_memory_win.cc(73)] ReadMemory at 0x2dc94e79f00 of 64 bytes failed: ReadProcessMemory 또는 WriteProcessMemory의 일부 작업만을 마쳤습니다. (0x12B)
[0129/005559.646:ERROR:process_memory_win.cc(73)] ReadMemory at 0x2dc94e79ff0 of 62 bytes failed: ReadProcessMemory 또는 WriteProcessMemory의 일부 작업만을 마쳤습니다. (0x12B)
[0129/005559.646:ERROR:process_memory_win.cc(73)] ReadMemory at 0x2dc94e7a040 of 64 bytes failed: ReadProcessMemory 또는 WriteProcessMemory의 일부 작업만을 마쳤습니다. (0x12B)
[0129/005559.646:ERROR:process_memory_win.cc(73)] ReadMemory at 0x2dc94e7a090 of 62 bytes failed: ReadProcessMemory 또는 WriteProcessMemory의 일부 작업만을 마쳤습니다. (0x12B)
[0129/005559.646:ERROR:process_memory_win.cc(73)] ReadMemory at 0x2dc94e7a130 of 60 bytes failed: ReadProcessMemory 또는 WriteProcessMemory의 일부 작업만을 마쳤습니다. (0x12B)
[0129/005559.646:ERROR:process_memory_win.cc(73)] ReadMemory at 0x2dc94e7dd70 of 132 bytes failed: ReadProcessMemory 또는 WriteProcessMemory의 일부 작업만을 마쳤습니다. (0x12B)
[0129/005559.646:ERROR:process_memory_win.cc(73)] ReadMemory at 0x2dc94e82430 of 132 bytes failed: ReadProcessMemory 또는 WriteProcessMemory의 일부 작업만을 마쳤습니다. (0x12B)
[0129/005559.646:ERROR:process_memory_win.cc(73)] ReadMemory at 0x2dc94e82860 of 132 bytes failed: ReadProcessMemory 또는 WriteProcessMemory의 일부 작업만을 마쳤습니다. (0x12B)
[0129/005559.646:ERROR:process_memory_win.cc(73)] ReadMemory at 0x2dc94e82a70 of 132 bytes failed: ReadProcessMemory 또는 WriteProcessMemory의 일부 작업만을 마쳤습니다. (0x12B)
[0129/005559.646:ERROR:process_memory_win.cc(73)] ReadMemory at 0x2dc94e82d90 of 132 bytes failed: ReadProcessMemory 또는 WriteProcessMemory의 일부 작업만을 마쳤습니다. (0x12B)
[0129/005559.647:ERROR:process_memory_win.cc(73)] ReadMemory at 0x2dc94e845b0 of 132 bytes failed: ReadProcessMemory 또는 WriteProcessMemory의 일부 작업만을 마쳤습니다. (0x12B)
[0129/005559.647:ERROR:process_memory_win.cc(73)] ReadMemory at 0x2dc94e846e0 of 132 bytes failed: ReadProcessMemory 또는 WriteProcessMemory의 일부 작업만을 마쳤습니다. (0x12B)
[0129/005559.647:ERROR:process_memory_win.cc(73)] ReadMemory at 0x2dc94e84ba0 of 132 bytes failed: ReadProcessMemory 또는 WriteProcessMemory의 일부 작업만을 마쳤습니다. (0x12B)
[0129/005559.647:ERROR:process_memory_win.cc(73)] ReadMemory at 0x2dc94e84e00 of 132 bytes failed: ReadProcessMemory 또는 WriteProcessMemory의 일부 작업만을 마쳤습니다. (0x12B)
[0129/005559.647:ERROR:process_memory_win.cc(73)] ReadMemory at 0x2dc94e84f30 of 132 bytes failed: ReadProcessMemory 또는 WriteProcessMemory의 일부 작업만을 마쳤습니다. (0x12B)
[0129/005559.647:ERROR:process_memory_win.cc(73)] ReadMemory at 0x2dc94e85060 of 132 bytes failed: ReadProcessMemory 또는 WriteProcessMemory의 일부 작업만을 마쳤습니다. (0x12B)
[0129/005559.647:ERROR:process_memory_win.cc(73)] ReadMemory at 0x2dc94e85190 of 132 bytes failed: ReadProcessMemory 또는 WriteProcessMemory의 일부 작업만을 마쳤습니다. (0x12B)
[0129/005559.647:ERROR:process_memory_win.cc(73)] ReadMemory at 0x2dc94e85650 of 132 bytes failed: ReadProcessMemory 또는 WriteProcessMemory의 일부 작업만을 마쳤습니다. (0x12B)
[0129/005559.647:ERROR:process_memory_win.cc(73)] ReadMemory at 0x2dc94e85780 of 132 bytes failed: ReadProcessMemory 또는 WriteProcessMemory의 일부 작업만을 마쳤습니다. (0x12B)
[0129/005559.647:ERROR:process_memory_win.cc(73)] ReadMemory at 0x2dc94e858b0 of 132 bytes failed: ReadProcessMemory 또는 WriteProcessMemory의 일부 작업만을 마쳤습니다. (0x12B)
[0129/005559.647:ERROR:process_memory_win.cc(73)] ReadMemory at 0x2dc94e85b10 of 132 bytes failed: ReadProcessMemory 또는 WriteProcessMemory의 일부 작업만을 마쳤습니다. (0x12B)
[0129/005559.647:ERROR:process_memory_win.cc(73)] ReadMemory at 0x2dc94e85ea0 of 132 bytes failed: ReadProcessMemory 또는 WriteProcessMemory의 일부 작업만을 마쳤습니다. (0x12B)
[0129/005559.648:ERROR:process_memory_win.cc(73)] ReadMemory at 0x2dc94e85fd0 of 132 bytes failed: ReadProcessMemory 또는 WriteProcessMemory의 일부 작업만을 마쳤습니다. (0x12B)
[0129/005559.648:ERROR:process_memory_win.cc(73)] ReadMemory at 0x2dc94e86230 of 132 bytes failed: ReadProcessMemory 또는 WriteProcessMemory의 일부 작업만을 마쳤습니다. (0x12B)
[0129/005559.648:ERROR:process_memory_win.cc(73)] ReadMemory at 0x2dc94e86360 of 132 bytes failed: ReadProcessMemory 또는 WriteProcessMemory의 일부 작업만을 마쳤습니다. (0x12B)
[0129/005559.648:ERROR:process_memory_win.cc(73)] ReadMemory at 0x2dc94e87110 of 80 bytes failed: ReadProcessMemory 또는 WriteProcessMemory의 일부 작업만을 마쳤습니다. (0x12B)
[0129/005559.648:ERROR:process_memory_win.cc(73)] ReadMemory at 0x2dc94e96980 of 60 bytes failed: ReadProcessMemory 또는 WriteProcessMemory의 일부 작업만을 마쳤습니다. (0x12B)
[0129/005559.648:ERROR:process_memory_win.cc(73)] ReadMemory at 0x2dc94ea50a0 of 60 bytes failed: ReadProcessMemory 또는 WriteProcessMemory의 일부 작업만을 마쳤습니다. (0x12B)
[0129/005559.648:ERROR:process_memory_win.cc(73)] ReadMemory at 0x2dc94ea5550 of 58 bytes failed: ReadProcessMemory 또는 WriteProcessMemory의 일부 작업만을 마쳤습니다. (0x12B)
[0129/005559.648:ERROR:process_memory_win.cc(73)] ReadMemory at 0x2dc94ea55a0 of 56 bytes failed: ReadProcessMemory 또는 WriteProcessMemory의 일부 작업만을 마쳤습니다. (0x12B)
[0129/005559.648:ERROR:process_memory_win.cc(73)] ReadMemory at 0x2dc94ea5690 of 58 bytes failed: ReadProcessMemory 또는 WriteProcessMemory의 일부 작업만을 마쳤습니다. (0x12B)
[0129/005559.649:ERROR:process_memory_win.cc(73)] ReadMemory at 0x2dc94ea5a50 of 62 bytes failed: ReadProcessMemory 또는 WriteProcessMemory의 일부 작업만을 마쳤습니다. (0x12B)
[0129/005559.649:ERROR:process_memory_win.cc(73)] ReadMemory at 0x2dc94ea5af0 of 66 bytes failed: ReadProcessMemory 또는 WriteProcessMemory의 일부 작업만을 마쳤습니다. (0x12B)
[0129/005559.649:ERROR:process_memory_win.cc(73)] ReadMemory at 0x2dc94ea5be0 of 60 bytes failed: ReadProcessMemory 또는 WriteProcessMemory의 일부 작업만을 마쳤습니다. (0x12B)
[0129/005559.649:ERROR:process_memory_win.cc(73)] ReadMemory at 0x2dc94eb4e70 of 78 bytes failed: ReadProcessMemory 또는 WriteProcessMemory의 일부 작업만을 마쳤습니다. (0x12B)
[0129/005559.649:ERROR:process_memory_win.cc(73)] ReadMemory at 0x2dc94ec6070 of 512 bytes failed: ReadProcessMemory 또는 WriteProcessMemory의 일부 작업만을 마쳤습니다. (0x12B)
[0129/005559.649:ERROR:process_memory_win.cc(73)] ReadMemory at 0x2dc94ec8590 of 60 bytes failed: ReadProcessMemory 또는 WriteProcessMemory의 일부 작업만을 마쳤습니다. (0x12B)
[0129/005559.649:ERROR:process_memory_win.cc(73)] ReadMemory at 0x2dc94ec8950 of 62 bytes failed: ReadProcessMemory 또는 WriteProcessMemory의 일부 작업만을 마쳤습니다. (0x12B)
[0129/005559.649:ERROR:process_memory_win.cc(73)] ReadMemory at 0x2dc94ec8f40 of 62 bytes failed: ReadProcessMemory 또는 WriteProcessMemory의 일부 작업만을 마쳤습니다. (0x12B)
[0129/005559.649:ERROR:process_memory_win.cc(73)] ReadMemory at 0x2dc94ecb480 of 512 bytes failed: ReadProcessMemory 또는 WriteProcessMemory의 일부 작업만을 마쳤습니다. (0x12B)
[0129/005559.649:ERROR:process_memory_win.cc(73)] ReadMemory at 0x2dc94ee2120 of 512 bytes failed: ReadProcessMemory 또는 WriteProcessMemory의 일부 작업만을 마쳤습니다. (0x12B)
[0129/005559.649:ERROR:process_memory_win.cc(73)] ReadMemory at 0x2dc94ee29a0 of 512 bytes failed: ReadProcessMemory 또는 WriteProcessMemory의 일부 작업만을 마쳤습니다. (0x12B)
[0129/005559.649:ERROR:process_memory_win.cc(73)] ReadMemory at 0x2dc94ee38a0 of 512 bytes failed: ReadProcessMemory 또는 WriteProcessMemory의 일부 작업만을 마쳤습니다. (0x12B)
[0129/005559.650:ERROR:process_memory_win.cc(73)] ReadMemory at 0x2dc94ee94b0 of 512 bytes failed: ReadProcessMemory 또는 WriteProcessMemory의 일부 작업만을 마쳤습니다. (0x12B)
[0129/005559.650:ERROR:process_memory_win.cc(73)] ReadMemory at 0x2dc94eefeb0 of 512 bytes failed: ReadProcessMemory 또는 WriteProcessMemory의 일부 작업만을 마쳤습니다. (0x12B)
[0129/005559.650:ERROR:process_memory_win.cc(73)] ReadMemory at 0x2dc94f0a2b0 of 512 bytes failed: ReadProcessMemory 또는 WriteProcessMemory의 일부 작업만을 마쳤습니다. (0x12B)
[0129/005559.650:ERROR:process_memory_win.cc(73)] ReadMemory at 0x2dc94f0b890 of 512 bytes failed: ReadProcessMemory 또는 WriteProcessMemory의 일부 작업만을 마쳤습니다. (0x12B)
[0129/005559.650:ERROR:process_memory_win.cc(73)] ReadMemory at 0x2dc94f11170 of 736 bytes failed: ReadProcessMemory 또는 WriteProcessMemory의 일부 작업만을 마쳤습니다. (0x12B)
[0129/005559.650:ERROR:process_memory_win.cc(73)] ReadMemory at 0x2dc94f24c50 of 512 bytes failed: ReadProcessMemory 또는 WriteProcessMemory의 일부 작업만을 마쳤습니다. (0x12B)
[0129/005559.650:ERROR:process_memory_win.cc(73)] ReadMemory at 0x2dc94f26200 of 512 bytes failed: ReadProcessMemory 또는 WriteProcessMemory의 일부 작업만을 마쳤습니다. (0x12B)
[0129/005559.650:ERROR:process_memory_win.cc(73)] ReadMemory at 0x2dc96b80000 of 384 bytes failed: ReadProcessMemory 또는 WriteProcessMemory의 일부 작업만을 마쳤습니다. (0x12B)
[0129/005559.650:ERROR:process_memory_win.cc(73)] ReadMemory at 0x2dc96b897f0 of 512 bytes failed: ReadProcessMemory 또는 WriteProcessMemory의 일부 작업만을 마쳤습니다. (0x12B)
[0129/005559.650:ERROR:process_memory_win.cc(73)] ReadMemory at 0x2dc96c2bff0 of 512 bytes failed: ReadProcessMemory 또는 WriteProcessMemory의 일부 작업만을 마쳤습니다. (0x12B)
[0129/005559.650:ERROR:process_memory_win.cc(73)] ReadMemory at 0x2dc96eee060 of 512 bytes failed: ReadProcessMemory 또는 WriteProcessMemory의 일부 작업만을 마쳤습니다. (0x12B)
[0129/005559.650:ERROR:process_memory_win.cc(73)] ReadMemory at 0x2dc96f53248 of 512 bytes failed: ReadProcessMemory 또는 WriteProcessMemory의 일부 작업만을 마쳤습니다. (0x12B)
[0129/005559.651:ERROR:process_memory_win.cc(73)] ReadMemory at 0x2dc96ff57e0 of 512 bytes failed: ReadProcessMemory 또는 WriteProcessMemory의 일부 작업만을 마쳤습니다. (0x12B)
[0129/005559.651:ERROR:process_memory_win.cc(73)] ReadMemory at 0x2dc9ca79b40 of 512 bytes failed: ReadProcessMemory 또는 WriteProcessMemory의 일부 작업만을 마쳤습니다. (0x12B)
[0129/005559.651:ERROR:process_memory_win.cc(73)] ReadMemory at 0x407008199c95 of 512 bytes failed: ReadProcessMemory 또는 WriteProcessMemory의 일부 작업만을 마쳤습니다. (0x12B)
[0129/005559.651:ERROR:process_memory_win.cc(73)] ReadMemory at 0x7ffbfb0de7e8 of 512 bytes failed: ReadProcessMemory 또는 WriteProcessMemory의 일부 작업만을 마쳤습니다. (0x12B)
[0129/005559.651:ERROR:process_memory_win.cc(73)] ReadMemory at 0x7ffbfe3b68f0 of 512 bytes failed: ReadProcessMemory 또는 WriteProcessMemory의 일부 작업만을 마쳤습니다. (0x12B)
[0129/005559.651:ERROR:process_memory_win.cc(73)] ReadMemory at 0x7ffc3dfcd6d9 of 512 bytes failed: ReadProcessMemory 또는 WriteProcessMemory의 일부 작업만을 마쳤습니다. (0x12B)
[0129/005559.651:ERROR:process_memory_win.cc(73)] ReadMemory at 0x7ffc3e22e748 of 512 bytes failed: ReadProcessMemory 또는 WriteProcessMemory의 일부 작업만을 마쳤습니다. (0x12B)
[0129/005559.651:ERROR:process_memory_win.cc(73)] ReadMemory at 0x7ffc3ed04a50 of 512 bytes failed: ReadProcessMemory 또는 WriteProcessMemory의 일부 작업만을 마쳤습니다. (0x12B)
[0129/005559.651:ERROR:process_memory_win.cc(73)] ReadMemory at 0x7ffc4040bfb4 of 832 bytes failed: ReadProcessMemory 또는 WriteProcessMemory의 일부 작업만을 마쳤습니다. (0x12B)
[0129/005559.651:ERROR:process_memory_win.cc(73)] ReadMemory at 0x7ffc4040f924 of 608 bytes failed: ReadProcessMemory 또는 WriteProcessMemory의 일부 작업만을 마쳤습니다. (0x12B)
[0129/005559.651:ERROR:process_memory_win.cc(73)] ReadMemory at 0x7ffc404a0a00 of 18 bytes failed: ReadProcessMemory 또는 WriteProcessMemory의 일부 작업만을 마쳤습니다. (0x12B)
[0129/005559.651:ERROR:process_memory_win.cc(73)] ReadMemory at 0x7ffc404d54f8 of 40 bytes failed: ReadProcessMemory 또는 WriteProcessMemory의 일부 작업만을 마쳤습니다. (0x12B)
[0129/005559.651:ERROR:process_memory_win.cc(73)] ReadMemory at 0x7ffc404d5978 of 48 bytes failed: ReadProcessMemory 또는 WriteProcessMemory의 일부 작업만을 마쳤습니다. (0x12B)
[0129/005559.651:ERROR:process_memory_win.cc(73)] ReadMemory at 0x7ffc404db4c0 of 64 bytes failed: ReadProcessMemory 또는 WriteProcessMemory의 일부 작업만을 마쳤습니다. (0x12B)
[0129/005559.653:ERROR:scoped_process_suspend.cc(40)] NtResumeProcess: 기존 프로세스에 액세스하려고 했습니다. (0xc000010a)
[0129/011258.043:ERROR:directory_reader_win.cc(43)] FindFirstFile: 지정된 경로를 찾을 수 없습니다. (0x3)
